bounding_box	1
to_a	1
argument	1
==	196
satisfied?	1
api_permission	1
find_or_initialize_api_permission	1
has_access?	1
app_is_installed?	1
app_is_custom?	1
app_is_custom_built_by_untrusted_source?	1
app_is_channel?	1
app_installation_compatibility	1
app_was_recently_uninstalled?	1
app_is_blocked?	1
app_has_unmet_install_requirements?	1
link_to_app_is_expired?	1
app_installation_allowed?	1
app_was_developed_by_shopify?	1
app_is_unsupported?	1
app_has_recorded_violations?	1
app_is_unlisted?	1
app_is_unreviewed?	1
shop_has_transfers_disabled?	1
encode	2
decode	3
extract_pay_session_token	1
rsa_public_key	1
decrypt	1
encryptor	1
perform	2
save_customer	1
create_customer	1
update_existing_customer	1
update_tags	1
tags	2
try_create_customer	1
try_update_customer	1
handle_error	1
ensure_customer_can_reset_password	1
subscribe_customer	1
request_context	1
attribution_api_client	1
fire_analytics_event	1
change_of_marketing_preference	1
phone	3
email	1
shop_id	3
locale	1
deserialized_config	1
static	1
deserialize_config	1
to_id	2
default	2
api	1
deleted_function_mock	1
register	2
find!	1
all	4
configure_auto_opt_in	2
unified_deployment_beta_enabled?	2
unified_deployment_beta_opt_in_enabled?	1
unified_deployment_opt_in_beta_enabled?	1
type	29
id	17
identification	6
from	14
single	1
validation	2
plugin	2
event	2
not_found	2
internal	2
unknown	2
to_errors_result	1
many	1
tracing	1
detailed_message	2
to_identifier_details	1
+	2
as_result	1
size	1
map	1
first	1
catastrophic?	2
user?	2
notify	3
raise!	1
add_details	1
with_message	1
generate_exception	1
specification_identifier	1
message	10
navigate	1
dive	1
empty	7
serialize	32
emit_event	3
emit_queued_events	1
new?	1
position_changed?	1
new_or_position_changed?	1
to_domain	1
matches_ids?	1
matches_legacy_ulids?	1
matches_extension_uuids?	1
generate_config_from_legacy_function	1
pending?	2
initialize	7
logging_details	3
host	1
digest	2
url_sha256	1
headers_sha256	1
body_sha256	1
unique_identifier	1
verification_jwt	1
validate	5
build	25
name	9
variant	2
custom?	2
identifier	4
throttle_bad_scores?	4
persist_bot_events_before_calculation?	4
from_activated_extension	1
from_extension	2
metafield_owner_type	3
from_function	1
app_and_name	1
from_checkout_profile	1
to_new_format	3
to_format	7
eql?	26
inspect	7
hash	29
expired?	2
milliseconds_remaining	1
for	1
floor	1
empty?	5
to_h	17
identify_line_with?	1
setup	1
set_action_value	1
count	1
processing?	1
code_applies?	1
all_rates_processed?	1
applied_to_any?	1
should_skip?	1
should_force?	1
public_message	1
localization	4
presentment_currency_rate	1
function_owner_metafield_resource_id	7
function_owner_metafield_owner_type	7
as_json	6
to_json	3
matches_target?	3
from_variant_id	1
call	17
tax_exempt?	1
merchandise_line_params	1
formatted_properties	1
note_artifact	1
purchasing_company_attributes	1
visible_to_customer?	1
shipping_line_params	1
delivery_address_params	1
billing_address_params	1
delivery_address_country_code	1
build_flexible_payment_attributes	1
payment_schedules	1
applied_custom_discount_params_for_merchandise	1
metafields	1
handle	6
assign	3
merge	8
to_s	15
matches?	7
allocation_parents_match?	1
booleans_match?	1
parent_partial_quantity	1
component_composite_unit_quantity	1
sum_amounts	1
merchandise_line_parent_match?	1
integers_match?	1
log_error	2
will_change?	1
site_key	1
site_secret	1
create	2
registered_configuration	1
unique_id	1
valid?	7
valid_for_session?	1
token_expired?	1
bad_score?	1
valid_token?	1
invalidate	1
equal_scores	1
first_name	1
last_name	1
country_code	1
zone_code	1
parse_country_code	1
parse_zone_code	1
zone_code_from_zip	1
cart_level?	1
discount_code?	1
discount_code_application?	1
line_level?	1
target_all?	1
manual_discount_application?	1
fixed_amount_discount?	1
percentage_discount?	1
target_shipping_lines?	1
target_line_items?	1
automatic_discount_application?	1
applicable?	1
rejected?	1
syncable?	1
marked_for_destruction?	1
errors	2
script_version_id	1
non_applicable_reason	1
description	1
discount_application	1
entitled_lines	1
read_attribute_for_serialization	5
to_liquid	9
persisted?	1
code	1
line_level_applied_discounts	2
discounted_price	2
custom_tax_lines	2
title	1
token	1
presentment_name	1
product	1
show_properties?	1
corrupt_properties?	1
user_id	1
requires_shipping?	1
raw_properties_string	1
discounted?	1
total_cart_allocations	1
any_cart_discount_applications?	1
cart_discount_allocated_amount	1
display_original_unit_price	1
display_discounted_unit_price	1
display_discounted_total_price	1
refunded_quantity	1
image	1
total_discount	1
discounted_total_price	1
discounted_total_price_with_code_discount	1
generate_hash_key	2
for_subscription?	1
for_deferred_purchase?	1
selling_plan_id	1
has_selling_plan?	1
gift_card?	2
fulfillment_status	1
next_action	1
unique_token	1
credit_card_id	1
rate_percentage	1
summation_key	1
dig	1
build_customer_request_context	1
discount?	1
line_discount?	1
tax?	1
tax_included?	1
duty?	1
invalid_type?	1
static?	1
dynamic?	1
to_debug_string	2
from_hash	32
to_product_image	1
valid_version?	1
match_failed	1
targets_context_for_experiment?	1
targets_context_for_shop_rollout?	1
with_specific_shop_restriction?	1
shop_is_included?	1
shop_is_excluded?	1
targets_context_for_checkout_rollout?	1
targets_context_requirements?	1
all_requirements_tracked?	1
log_missing_requirements	1
from_order_repository	1
deserialize	2
from_input	2
from_output	1
revert_terms_affected	12
mutate	12
revert	12
create_discount_trigger	1
reject_applicable_discount_terms	1
preload_merchandise	2
merchandise	2
update_merchandise_quantity	1
update_merchandise_properties	1
to_hash	45
discount_value	2
revert_all	2
script_discount?	2
signed_discount	2
build_original_line_item_price_moneybag	1
shop_currency_rate	2
sort	1
apply_discount_if_target_is_selected	1
produce_delivery_discount_terms	1
discount_available_delivery_strategy	1
delivery_option_handle	1
target_merchandise_ids	1
from_purchase_proposal	1
compatible_applied_discount	1
combined_discount_terms	1
build_line_items	1
customer	1
build_new_customer_from_guest_profile	1
shipping_address	4
billing_address	1
filtered_merchandise_lines	1
total_weight	1
convert	2
shop_currency	1
fetch_channel	1
source_key	1
new_line_item_applied_discount	1
build_line_item	1
from_active_record	1
upsert_session	1
delete	1
lookup_session_key	1
all_checkout_session_ids_for_source_id	1
lookup_cookie_name	1
ensure_limit	1
cookie_name_for	1
emit_session_replaced_event	1
from_session	1
same_source?	1
record	1
should_update?	1
offsite?	2
lpm?	2
credit_card?	1
custom_onsite?	1
quantity_for	1
behavior_for	1
satisfied_by?	2
location?	2
staff_member?	2
point_of_sale_device?	2
merge_script_events	1
all_changes	1
try_set_signature_with_uuid	1
build_signature_payload	2
company	1
province_code	1
discount_class	1
combines_with_shipping_discounts	1
with_selected_terms	1
resolve_target_type	1
weight_in_grams	1
equals_to	1
hash_code	1
from_query_response	3
requires_cvv_confirmation?	1
from_mandate_payment_instrument	2
components_complete_variants	1
parent_complete_variant	1
line_from_variant	1
expanded?	1
merged?	1
try_deserialize_or_empty	1
shop_app_qr_code_url	2
attribution_payload	2
can_track_order_updates?	2
installments_highlight_eligible?	2
shop_app_eligible?	2
shop_app_qr_code_killswitch?	2
shop_pay_order?	2
buyer_has_shop_app?	2
buyer_has_shop_pay?	2
order_update_options	2
simulated?	1
valid_change_hash?	3
valid_value_type_from_hash?	1
valid_currency_source_from_hash?	1
valid_value_from_hash?	1
valid_quantity_from_hash?	1
valid_merchandise_id_from_hash?	1
value_type	2
from_contract_attributes	1
from_buyer_identity	1
from_contract_intent	1
from_contract_intent_discount	1
to_merchandise_line_parent	1
custom_shipping_line	1
field_required?	1
parse_address	1
schema_name	3
before_push	2
handle_unknown_error	1
generic_error_message	1
notification_message	1
build_purchase_context	1
bypass_quantity_rules?	1
bypass_currency_rules?	1
allow_overselling?	1
bypass_delivery_customizations?	1
bypass_payment_customizations?	1
bypass_tax_estimation?	1
bypass_requires_selling_plan_rule?	1
api_client_id	2
skip_channel_validation?	1
company_location_id_from_request	1
log_skip_channel_validation	1
stage_add_tip_changes	1
commit_add_tip_changes	1
build_applicator_input	1
build_add_tip_changes	1
revoke_and_generate_mandates	1
revoke_previous_mandates	1
generate_payment_mandate	2
load_order	1
update_order_payment_status	1
perform_fraud_analysis	1
send_after_edit_email	1
add_tip_to_order	1
log_defered_payment_event	1
order_response	2
track_buyer_agreement_approval	1
perform_post_order_payment_status_update_actions	1
log_public_exception_and_error	1
log	6
return_value	1
update_classic_checkout	1
update_abandoned_cart	1
formatted_params_for_logging	1
log_order_creation_success	1
emit_shop_pay_events	1
trigger_discount_code_used	1
subscription_discount_codes	1
emit_order_creation_metric	1
emit_order_inventory_metric	1
emit_order_creation_event	1
emit_purchase_options_metric	1
emit_admin_order_creation_event	1
trigger_create_retail_sale_attributions	1
enqueue_attribution_jobs	1
trigger_incoterm_persistence_job	1
release_discount_codes	1
store_post_purchase_payment_method	1
sync_script_events	1
enqueue_contract_creation_job	1
vault_payment_method	1
vault_payment_for_fixed_selling_plan_with_deferred_charge	1
vault_payment_with_vaulting_agreement	1
save_preferred_payment_for_b2b_checkout_with_terms	1
update_receipt_mandate_or_create_mandate_for_order	1
set_customer_credit_card_cvv_confirmed_at	1
error_result	3
emit_checkout_completion_metric	1
handle_processing_service_failure	1
log_finalizing_purchase_order	1
emit_checkout_completed_event	1
emit_checkout_webhook	1
push_order_placed_event	1
push_order_creation_error_event	1
produce_order_kafka_event	1
amount	1
allocations	1
computed_amount	1
discounted_amount	1
line_target_discounted_amount	1
discount_amount	1
tax_amount	1
duties_amount	1
from_order	1
from_order_response	1
redeemed_discount_codes	1
shop_cash_cash_back_artifact	1
classic_checkout_shop_cash_cash_back_eligible?	1
all_order_items_eligible_for_shop_cash?	1
filter_finalizing_transaction	1
query_transactions	1
transaction_fields	1
authenticated?	1
attribute	3
cost	5
amount_per_quantity	1
compare_at_amount_per_quantity	1
product_ids	1
formatted_due_at	1
payment_terms_due_on_fulfillment?	1
payment_terms_due_on_receipt?	1
abuse_threshold	1
ban_duration	1
sampling_window	1
c_block_sampling_window	1
c_block_ban_duration	1
c_block_abuse_threshold	1
tarpit_abuse_threshold	1
tarpit_delay	1
magellan_client_bans_config	1
client_bans_service	1
count_for_status	1
load	1
default_address	1
fetch_records	1
unmigratable?	1
for_shop	3
extension_points	3
fetch_checkout_profile	1
filtered_activated_extensions	1
extract_translations_for_locale	1
resolve_extension_locale	1
from_checkout_extension_behaviors	1
from_checkout_ui_extension_capabilities	1
from_checkout_ui_extension_point	1
from_customer_account_ui_extension	2
from_checkout_ui_extension	1
from_checkout_activated_extension	1
from_checkout_extension_point	1
get_default_shipping_address	1
get_default_billing_address	1
mobile_url	1
shop_installments_view_schedules	1
shop_installments_mobile_url	1
to_graphql_variables	7
from_graphql_response	9
to_request_json	2
to_mock_response_hash	2
line_item_sku	1
build_from_response	9
expires_at_date	2
delivery_start_date	2
delivery_end_date	2
validate_delivery_groups	1
validate_unsuccessful_items	1
from_domain_delivery_promise	1
has_external_request_errors?	1
from_graphql_input	5
cast_time_range	1
rate_shopping?	1
direct_rate?	1
no_delivery_option_available	1
to_log_h	1
speed	2
sort_keys	3
weighted_average_speed_estimate_score	1
scope_to_deliverable_areas	1
create_sanitized_keyed_range_values	1
sanitized_begin_range	1
sanitized_end_range	1
location_type	1
origin_location_id	1
active_processing_time?	1
merchant_managed_location_with_processing_time?	1
promise_provider_location?	1
active_processing_time	1
promise_provider_id	1
third_party_app?	1
location	1
merchant_managed_location?	1
promise_provider	1
delivery_promise_platform_beta_flag_enabled?	1
equivalent?	2
cover?	1
merge_buckets	1
merge_range	1
merge_range?	1
add_line_item	1
to_serialized_data	4
from_serialized_data	3
delivery_strategy_to_hash	1
build_destination	1
build_delivery_strategy	1
line_item=	1
order_level_discount?	1
from_domain	1
current?	1
future?	1
ended?	1
price_overrides?	1
double_price_overrides?	1
current_time	1
get_name	1
get_global_id	1
parse_global_id	1
registrable?	1
as_pack	1
from_pack	1
can_create_rate?	1
can_create_runtime_handle?	1
undefined?	1
defined?	1
selected_custom_shipping_option?	1
local_pickup?	1
selected_non_custom_shipping_option?	1
eligible_for_recalculation?	1
runtime_c1_handle	1
runtime_classic_handle	1
build_from_hash	1
trusted_location_id_from_handle	1
fixed_amount_discount_type?	1
shop	3
draft_order	2
get_input_price_money_bag	2
convert_shop_money	1
convert_presentment_money	1
calculate	1
calculate_legacy	1
calculate_with_input_price?	1
calculate_with_base_price	1
vanitize?	1
calculate_with_input_price	1
convert_price_input	2
money_with_currency	1
should_use_draft_order_presentment_inputs?	1
to_checkout	1
source_name_with_fallback	1
forced_routing_reason	1
should_use_checkout_one?	1
track!	1
track	2
emit_statsd	1
emit_logs	1
emit_retail_installments_c1_ineligible_event	1
metadata	2
checkout_implementation	1
retail_installments_note_attributes	1
loggable_metadata	1
simulate_rollback	1
assign_line_item_price_moneybag	1
assign_line_item_price_attribute	1
assign_line_item_price_input	1
price_with_currency	1
available_shipping_rates	1
available_local_delivery_rates	1
page_info	1
trusted_id	4
fulfillment_order_resouce?	1
fulfillment_resource?	1
from_graphql_input_in_bulk	1
from_hash_in_bulk	1
get_type	1
to_split_input	1
add_fulfillment_order_line_item	1
marshal_dump	1
marshal_load	1
initialize_copy	1
from_fulfillment_orders	1
both_order_ids_and_query_cannot_be_present	2
data_hash	1
redemption_keys	1
client_id	1
gate_subject_id	1
gate_configuration_id	1
hmac_valid?	1
style	2
validate!	1
from_graphql	7
to_model	4
from_identity_client	1
from_faraday_client	1
to_model_with_action_type	1
result_from_response	1
admin_pages_task_definitions_from_data	1
task_action_from_data	1
milestone_from_data	1
published?	1
load_tasks_into_category	1
without_task_handles	2
task_handles	1
load_tasks_into_guide	1
from_graph_api	5
to_move	1
unique_location_ids	1
can_allocate_from_inventory_group?	2
process_allocations_and_remaining_requests	2
item_group_line_item_ids	1
to_item_group	1
<=>	7
db_key_ids	3
with_name	3
to_item_group_quantity	2
with_group	1
item_id_group_id	2
with_quantity	1
has_incoming_inventory	1
prompt_action	1
action	1
tailor_context	1
from_browser	1
from_contextual_api	6
empty_result	2
select_guides!	2
from_user_with_shop	1
to_tailor_context	2
from_context	2
set_applied_transformer	1
task_handles_from_guide	1
produce	1
payload	1
category_to_task_mapping	1
group_to_task_mapping	1
icon_path	1
scope_key	1
version_description	1
create_dataset	1
deprecated_setup_guide_dataset	1
setup_guides_dataset	1
regular_guides_dataset	1
from_tracings	1
remove_tracing_for	1
all_guide_handles	1
set_loaded_guides	1
set_loaded_task_list_source_for_guides	1
loaded_task_list_source_for	1
loaded_task_handles	1
loaded_task_categories	1
set_transformer	1
transformer_for	1
set_relevancy_policy	1
relevancy_policy_for	1
set_relevancy_uuid	1
relevancy_uuid_for	1
set_relevancy_timestamp	1
relevancy_timestamp_for	1
scope_key_for	1
set_scope_key	1
set_loaded_task_categories	1
set_loaded_task_handles	1
history_for	1
challenge_ts_seconds	1
error_codes_string	1
score_reason_string	1
find_by_version	1
build_full_create_product	1
build_full_sync	1
build_incremental	1
get_action	1
get_resource	1
unacknowledged	3
shuffled_configurations	1
translate	1
recommended_markets	1
same_regional_composition_exists?	1
same_market_name_exists?	1
country_unsupported?	1
currency_unsupported?	1
warehouses	1
unsupported_countries	1
unsupported_currencies	1
pickup_time	1
pickup_option_label	1
zero_padded_hour_24h_clock	1
formatted_12h_time	1
labels	2
from_string	2
flat_rate?	1
calculated_rate?	1
negative?	1
from_record	1
text_input_present?	1
total_incorrect	1
with_single_ownership	1
serialized_values	1
from_json_hash	1
serialize_with_currency	1
from_product_taxonomy_node_id	1
allocated_composite_amounts	1
total_allocated	1
total_to_be_allocated	1
from_response	1
has_price_list?	1
build_price_list_metadata	1
default_for	1
next	3
outside_cutoff?	3
next_anchor_after_cutoff_day	3
prev	3
minimum_cadence	3
day	3
cutoff_day	3
month	2
iso_wday	1
set_day	1
set_cutoff_day	1
set_month_day	1
has_any_fixed_cutoff_day?	1
remaining_balance_charge_time	1
reserve_inventory_on_sale?	1
deferred_billing?	1
deliveries_per_billing_cycle	1
recurring_deliveries?	1
coerce	1
compare_at_value	1
coerce_money	1
add	1
add_from_record	1
changes_saved?	2
changed_product_ids	2
price_count_summary	2
deleted_variant_prices_ids	1
from_model	1
converted?	1
in_stock_changed?	1
out_of_stock_changed?	1
in_stock_online_changed?	1
out_of_stock_online_changed?	1
changed?	1
availability_changed?	1
clone	1
errors?	1
any?	1
from_custom_pixel	1
from_api_permission	1
from_app_web_pixel	1
construct_global_id	1
active?	1
assign_single_touch_result	1
assign_any_click_model_result	1
assign_linear_model_result	1
experiment_identifier	1
to_inline	1
for_json_template	1
for_json_section_groups	1
for_theme	1
for_block	1
for_metaobject_definition	1
for_content_model	1
for_block_repeater	1
for_global_metaobjects	1
metaobject_page_template_context	1
inline_contexts	1
shop_contexts	1
template_context	1
section_contexts	1
block_contexts	1
source_or_repeater_context	1
get_section_or_raise	1
get_block_or_raise	1
metafield_definition_depth	1
resource_path	1
repeater?	1
source?	1
nesting_limit_reached?	1
metaobject_page_template?	1
resource_type	1
from_metafield_definition	1
from_content_model	1
from_metaobject_entry_metafield	1
from_metafield_definition_with_access_path	1
from_resource_property_access_path	1
from_resource_property	1
build_metafield_access_path	1
base_access_path_from_context	1
metafield_access_path	1
content_model_access_path	1
append_filter_to_access_path	1
access_path_from_base	1
resource_property_access_path_from_base	1
metafield_filter?	1
match_access_path_and_filters	1
format_access_path_parts	1
metaobject_definition	1
as_metafield_definition_context	1
as_content_model_context	1
metafield_datasource	1
content_model_datasource	1
metafield_source_type	1
from_access_path	1
from_datasource	1
access_path_parts	1
metafield_unique_key	1
metafield_path	1
property_path	1
source_type	1
depth	1
repeater_path_metafield_unique_key	1
regular_metafield_unique_key	1
global_metaobject_metafield_unique_key	1
metaobject_template_metafield_unique_key	1
metafield?	1
metafield_value?	1
metafield_key?	1
metafield_keys	1
metaobject?	1
primitive	1
object	1
leaf?	1
as_leaf	1
translated_name	3
translated_description	1
datasource_type	1
has_valid_source_or_repeater?	1
metafield_definition_key	1
display_url	1
try_decode	1
log_error_message	1
drop_unsupported_fields	1
workflow_exists?	1
typescript?	1
hydrogen_v2?	1
all_scoped_uids_present?	1
address	1
from_json	2
normalized_token	1
inventory_location_ids	1
aggregated_requests_quantity	1
stocked_at_single_location?	1
to_fulfillment_constraints	1
deliverable_line_attributes	1
mark_dirty_for_metafield_change	1
metafields_changed?	1
only_metafields_changed?	1
find_location_rule	1
source_input	1
from_admin_input	1
build_request_details	1
build_card_details	1
build_paypal_details	1
payments_api_capture_method	1
build_payment_method_input	1
currency_valid?	1
build_billing_address_hash	1
to_paypal_format	1
from_order_transaction	4
from_payments_dispute	1
for_authorization	2
for_capture	2
for_refund	2
for_dispute	2
stringify	1
recurring?	1
fixed?	1
payment_method_name	3
attributes_with_zip	1
line_item_taxes	1
encode_money_object	1
serialize_payment_method	1
deserialize_payment_method	1
total_amount	1
validate_has_gift_cards_and_or_instruction	1
parse_shipping_address	1
state_changed?	1
overdue?	1
due_at_before_now?	1
next_due_at	1
next_due_payment_schedule	1
find_by	1
create_reference_from_draft_order	1
create_reference_from_order	1
create_reference_from_fulfillment	1
gateway	1
for_customer	1
for_company_location	1
from_instrument_ownership	1
for_subscriptions	1
for_receipt	1
for_card_on_file	1
for_order	1
for_checkout	1
from_address_model	1
new_with_defaults	2
for_order?	1
for_draft_order?	1
for_instrument	1
decrypt_and_validate	1
build_encryption_purpose	1
encrypt	1
ttl	1
create_from_hash	1
to_monorail_hash	1
to_mysql_attributes	1
valid_duration?	1
comment?	1
check_argument_types	1
base_translation?	1
subscription?	1
rewrite	1
rewrite_children	1
rename_inline_fragment	1
rename_field	1
expand_fragment_spread	1
location_features_to_add	1
location_features_to_remove	1
shop_features_to_add	1
shop_features_to_remove	1
serialized_reason	3
as_hash	1
serialize_as_refund_additional_fee_input	1
single_discount_value_present	1
calculate_shipping_amount	1
calculate_duties_amount	1
calculate_additional_fees_amount	1
calculate_refund_line_items_amount	1
complete?	2
returnable?	4
unfilled_quantity	1
filled?	1
merge_ineligible_quantities	1
serialized_status	2
summary_display_information	2
with_priority	1
valid_url	1
has_money_implications	1
not_returnable	1
no_shipping_required	1
all_fields_filled?	1
merge_restocking_fee	1
merge_return_shipping	1
analysis_triggers_capture?	1
capture_blocked?	1
capture_allowed_without_protection	1
build_from_purchase_input_and_order	1
avs_result_codes	1
credit_card_last_names	1
stripe_risk_level	1
determine_buyer_ip_country_code	1
determine_buyer_ip_user_type	1
determine_order_transaction_created_at_hour_in_ip_timezone	1
analyze_and_issue_risks	1
create_mock_order_risk	1
perform_bladerunner_analysis	1
create_order_risks	1
order_risk_attributes_from_analysis	1
assessment_result	1
mock_risk_score	1
analysis_not_yet_available?	1
distance_between	2
from_analysis_inputs	1
from_purchase_and_transaction	1
txn_id_from_purchase	1
checkout_credit_card	1
fetch_checkout	1
resource_id_from_analysis_inputs	1
from_payment_details_maybe	1
serialize_as_client_details	1
positive_sentiment?	1
neutral_sentiment?	1
negative_sentiment?	1
high?	1
medium?	1
low?	1
none?	1
to_purchase	1
to_purchase_from_sales_agreement	1
to_purchase_from_order_transaction	1
collect_purchase_items_from_sales_agreement	1
collect_purchase_items_from_order	1
order_from_sales_agreement	1
collect_buyer_browser_details_from_order	1
collect_buyer_details	1
credit_card_last_name	1
failed?	1
map_from_transactions	1
stripe_risk_levels	1
distinct_credit_card_fingerprint_count	1
credit_card_payments_count	1
finalizing_payment_attempt	1
total_purchase_items_quantity	1
payment_attempt_contains_full_credit_card_fingerprint?	1
map_from_line_items	1
map_from_merchandise_lines	1
map_from_line_item_responses	1
value	2
parse	2
prefix	1
new	2
summarize	1
analysis_failed?	1
status	2
eligibility	1
statsd_tag	1
should_persist?	1
persist!	1
covered?	2
validate_buyer_purchase_order_number_length	1
mysql_diff	1
es_diff	1
validate_financial_status	1
validate_currency	2
email_or_phone_provided	1
validate_fulfillment_limit_on_new_orders	1
import_errors	3
validate_line_items	2
validate_line_item_groups	1
weight	1
validate_weight	1
validate_dimensions	1
validate_applied_discounts	1
validate_unit_price_measurement	1
validate_measurement	1
validate_product_id_when_variant_provided	1
validate_tax_lines	3
validate_measured_type_quantity_and_reference	1
add_error	1
validate_minimum_line_items_size	1
validate_price_not_empty	1
validate_shipping_lines	1
normalize_attribute	2
rate_is_not_nan	1
to_utc_time	1
check_for_transactions	1
has_claimed_inventory?	1
composite?	1
can_restock?	1
restockable_quantity	1
created_at	3
allowed?	1
contract_allowed?	1
buyer_facing_error_type	1
authentication_error?	1
should_proceed?	1
automatic_confirmation?	1
duration	1
local_delivery_option	1
pickup_option	1
new_from_contract	1
from_billing_attempt?	1
from_contract?	1
taxes_included?	1
lines_total_price	1
discounted_shipping_price	1
subtotal_price	1
total_discounts	1
total_tax	1
total_price	1
payments_api_amount_breakdown	1
payments_api_line_item	1
from_contract_line	1
validate_nested	1
credit	1
debit	1
manual	1
channel	1
wallet?	1
errored?	1
from_input_hash	3
default_request_id	1
default_actor	1
available_for_shop?	1
active_conflicting_providers	1
conflicting_provider_ids	1
payment_experiences	1
payment_experience_for	1
permitted_capability?	1
same_requirement_as?	1
from_remote_resource	1
parse_duration_days	1
currency	1
disabled_at	1
disabled?	1
expires_at	1
fixed_release?	1
rolling_release?	1
remote_id	1
remote_name_id	1
remote_address_id	1
find_id_intersection	1
hourly?	1
daily?	1
weekly?	1
monthly?	1
manual?	1
zero_for	1
updated_payout_schedule_struct	1
existing_payout_schedule_struct	1
to_result	2
expires_soon?	1
depleted?	1
to_used_entry	1
created_at_day	1
created_at_time	1
to_graphql	9
from_tax_code	1
md5_digest	1
from_registration	1
current_loaded	1
current_loaded_entries	1
names	1
where	1
where_not	1
path	1
method_file_path	1
runnable_method	1
any_failure?	1
increment_failures	1
increment_runs	1
failure_percentage	1
append_error	1
run	1
tests	2
new_disabled_tests	1
all_tests	1
tests_from_env_object	1
tests_from_env	1
tests_from_file	1
fetch_tests_from_file	1
paths_to_load	1
existing_paths	1
filtered_diff	1
file_globs	1
diff	1
total_test_count	1
base_tests_file_empty?	1
test_count_exceeded_msg	1
load_files	1
calculate_added_tests	1
files_to_load	1
groups	1
added_tests	1
existing_test_names	1
internal_error	1
header_fuel_consumed	1
header_deploy_stage	1
server_timings	1
extract_duration	1
same_execution_data?	1
mode	1
time_ms	1
for_schema	1
from_yaml	1
array_from_yaml	1
full_path	1
slow?	1
serialize_explain	1
