Type	3
AccessAndAuth::AppAccess::GrantRequirement::Type	3
Paquito::TypedStruct	11
AppScope	3
ShopifyVM::AppScope	3
T::Props::ValueObject	84
T::Sig	1
CommonDetails	6
Apps::Deployments::Errors::Details::CommonDetails	2
CommonTypes	1
Apps::Extensions::Errors::CommonTypes	1
CatastrophicError	5
Apps::Extensions::Errors::Catastrophic::CatastrophicError	5
Apps::Extensions::Errors::Details::CommonDetails	4
UserError	3
Apps::Extensions::Errors::User::UserError	3
AppModules::WithSpecification	2
ConfigurationDefinitionError	9
Extensibility::ConfigurationDefinition::Nodes::ConfigurationDefinitionError	9
Node::CoercedValue	2
Extensibility::ConfigurationDefinition::Nodes::Node::CoercedValue	2
Emitter	3
Apps::Models::Extensions::Events::Emitter	3
SmartProperties	2
ActiveModel::Validations	36
ExtensionsRuntime::ExtensionImplementation.owned_by_app	1
Error	1
Apps::Extensions::Errors::Error	1
::ShopifyVM::Domain::Validation::FunctionValidator	1
ValueObject	3
Types::Scorable	4
BotBehaviour::Types::Scorable	4
ExtensionPointProperties	2
Checkouts::One::Extensibility::ExtensionPointProperties	2
Action	1
Checkouts::Transact::Action	1
State	6
Checkouts::Transact::CompletionAttempt::State	4
Checkouts::Web::FontsHelper	2
ActionView::Helpers::OutputSafetyHelper	1
AbstractCartItem	2
AbandonedCart::AbstractCartItem	2
CartApi::Interface::CartDeliveryGroup	2
FunctionsGraph::CartApi::Interface::CartDeliveryGroup	4
CartApi::Interface::CartDeliveryOption	2
FunctionsGraph::CartApi::Interface::CartDeliveryOption	2
::Functions::Runner::SchemaRoot	7
ProcessPurchaseOrder::ProcessingServiceFailureHandler	2
Checkouts::One::ProcessPurchaseOrder::ProcessingServiceFailureHandler	2
LiquidMoneyHelper	2
ViewMerchandiseLineFragment::ViewAllocationInfo	1
Checkouts::One::ViewMerchandiseLineFragment::ViewAllocationInfo	1
ViewMerchandiseLineFragment	2
Checkouts::One::ViewMerchandiseLineFragment	2
LineChange	2
Checkouts::One::MerchandiseLineTransformers::Transformers::LineChanges::LineChange	2
SubmitError	1
Checkouts::One::PurchaseOrderProcessor::SubmitError	1
ScriptChange	12
Checkouts::One::ScriptsV1::ScriptChange	12
AttributionItem	3
Checkouts::One::Web::Artifact::Attribution::AttributionItem	3
CheckoutPlatform::Kernel::ViolationTarget	10
CheckoutPlatform::SelfSatisfiable	4
SignableObject	2
Checkouts::One::Web::SignableObject	2
CartPermalinkError	1
Checkouts::One::Web::CartPermalinkUpdater::CartPermalinkError	1
Intent	1
Checkouts::One::Web::Discount::Intent	1
CodeDiscountIntent	1
Checkouts::One::Web::Discount::CodeDiscountIntent	1
AutomaticDiscountIntent	1
Checkouts::One::Web::Discount::AutomaticDiscountIntent	1
CheckoutPlatform::HashKey	2
Line	1
Checkouts::One::Web::PresentmentMerchandiseTerms::Line	1
DraftOrders::CheckoutAttributionOverrides	3
Change	2
Checkouts::One::Web::SignedChange::Change	2
AddressViolationProvider	1
Checkouts::One::Web::Validators::AddressViolationProvider	1
RuleSet	1
Checkouts::One::Web::Validators::RuleSets::RuleSet	1
Helpers::PushMessage	3
Checkouts::One::Data::MonorailMessage::Helpers::PushMessage	3
Checkouts::One::ViolationMapper	2
PaymentInfo	2
Checkouts::One::PaymentInfo	2
Checkouts::One::Web::MultiCurrencyLogger	2
Checkouts::One::Web::BuyerIdentity	2
Checkouts::One::Web::PaymentMethod	2
CartApi::Interface::BuyerIdentity	1
FunctionsGraph::CartApi::Interface::BuyerIdentity	1
CartApi::Interface::Cart	1
CartApi::Interface::CartCost	1
CartApi::Interface::Localization	1
FunctionsGraph::CartApi::Interface::Cart	3
FunctionsGraph::CartApi::Interface::CartCost	3
FunctionsGraph::CartApi::Interface::Localization	3
CartApi::Interface::CartLine	1
CartApi::Interface::CartLineCost	1
FunctionsGraph::CartApi::Interface::CartLine	1
FunctionsGraph::CartApi::Interface::CartLineCost	1
FunctionsGraph::CartApi::Interface::MailingAddress	4
DraftOrdersErrorProvider	2
Response	11
ExternalPromiseApi::Operations::Response	9
Delivery::SchemaComparable	4
DeliveryPromise::CheckoutOne::DeliveryPromiseFinder::State	2
FunctionsGraph::Interface::DeliveryCustomizationApi::Root	2
T::Props::Serializable::DecoratorMethods	1
CheckoutAttributionOverrides	1
Kernel	2
Component::Input	88
Body	2
Home::Feed::Cards::AchievementAction::Body	2
Policy	2
Inventory::Allocator::AllocationRequestGroup::Policy	2
Comparable	2
::Comparable	4
Inventory::Quantities::Comparable	2
Inventory::Quantities::Convertible	2
Inventory::Quantities::Inspectable	2
Launch::ContextualLearning::TextContentInterface	2
VideoContentInterface	1
Launch::ContextualLearning::VideoContentInterface	1
Eligibility	1
MarketsPro::Phase::Eligibility	1
Phase	4
MarketsPro::Phase	4
Priceable	1
Merchandising::PricingEngine::Priceable	1
AnchorPoint	3
Merchandising::SellingPlans::AnchorPoint	3
Result	2
Merchandising::PricingEngine::Verifier::Result	2
OnlineStore::Valigator::Dsl	2
Results	2
T::Props	2
T::Props::Constructor	2
T::Props::Serializable	1
SerializableInterface	5
PaymentsApi::Inputs::SerializableInterface	11
PaymentsApi::Inputs::RedeemableInstruction	4
RedeemableInstruction	2
StateAwareHashKey	2
PaymentsPartners::StateAwareHashKey	2
InstrumentUpdate	1
Payments::Vault::Inputs::InstrumentUpdate	1
Instrument	7
Payments::Vault::Inputs::Instrument	7
Payments::Vault::CreditCardVaulting::Response	2
VerifyAndVaultResponse	6
Payments::Vault::UpdateCustomerPaymentMethodVerified::VerifyAndVaultResponse	3
Payments::Vault::UpdateCustomerShopPayAgreementPaymentMethod::VerifyAndVaultResponse	3
Reviews::Risk::Equitable	34
StatsHelper	1
FraudAnalysis::StatsHelper	1
AnalysisRequest	2
FraudAnalysis::AnalysisRequest	2
TxnId	2
Reviews::Risk::TxnId	2
AnalysisStatus	2
Risk::FraudAnalysisComplete::AnalysisStatus	2
AnalysisOutput	1
BladeRunnerClient::AnalysisOutput	1
CoverageDecision	2
SellerProtection::DisputeCoverageService::CoverageDecision	2
DelayedAction	2
SellerProtection::DisputeCoverageService::DelayedAction	2
Sales::OrderBuilder::Concerns::NestedSchemaValidation	6
ValueObjectMethods	6
Sales::ValueObjectMethods	6
BillingAttemptStatus	2
Sales::Subscriptions::BillingAttemptStatus	2
DeliveryMethod	3
Sales::Subscriptions::DeliveryMethod	3
PaymentResult	3
Sales::Subscriptions::PaymentService::PaymentResult	3
Provider::RemoteReservePlan	2
ShopifyPayments::Provider::RemoteReservePlan	2
Kyc::ComparablePerson	1
ShopifyPayments::Kyc::ComparablePerson	1
WithResultMetrics	2
Functions::Execution::WithResultMetrics	2
InputQueryVariables	1
Functions::InputQueryVariables	1
RunRequest	2
Functions::Runner::RunRequest	2
